<?xml version="1.0" encoding="UTF-8"?>
<!-- Generated by org.testng.reporters.JUnitXMLReporter -->
<testsuite hostname="mindfire-PCn" ignored="0" name="Default test" tests="5" failures="0" timestamp="2020-12-13T21:26:21 IST" time="62.153" errors="0">
  <testcase name="NavigateToNDTV" time="40.801" classname="scripts.DriverScript"/>
  <testcase name="goToWeatherSectionPage" time="1.28" classname="scripts.DriverScript"/>
  <testcase name="getTemperatureOfCitiesFromUI" time="15.415" classname="scripts.DriverScript"/>
  <testcase name="TemperatureOfCitiesFromAPI" time="3.189" classname="scripts.DriverScript"/>
  <testcase name="compareTemperature" time="0.006" classname="scripts.DriverScript"/>
</testsuite> <!-- Default test -->
