<?xml version="1.0" encoding="UTF-8"?>
<!-- Generated by org.testng.reporters.JUnitXMLReporter -->
<testsuite hostname="mindfire-PCn" ignored="0" name="Test" tests="5" failures="0" timestamp="2020-12-13T21:17:23 IST" time="53.477" errors="0">
  <testcase name="NavigateToNDTV" time="34.177" classname="scripts.DriverScript"/>
  <testcase name="goToWeatherSectionPage" time="3.011" classname="scripts.DriverScript"/>
  <testcase name="getTemperatureOfCitiesFromUI" time="11.269" classname="scripts.DriverScript"/>
  <testcase name="TemperatureOfCitiesFromAPI" time="3.232" classname="scripts.DriverScript"/>
  <testcase name="compareTemperature" time="0.005" classname="scripts.DriverScript"/>
</testsuite> <!-- Test -->
